<?xml version="1.0" encoding="UTF-8"?>
<!-- Generated by org.testng.reporters.JUnitReportReporter -->
<testsuite hostname="RajeshKibb" failures="0" tests="1" name="TestScenarios.LoginTest" time="96.471" errors="0" timestamp="2023-07-31T15:36:32 IST" skipped="0">
  <testcase classname="TestScenarios.LoginTest" name="loginTest" time="96.471"/>
</testsuite> <!-- TestScenarios.LoginTest -->
